<?xml version="1.0" encoding="UTF-8"?>
<testsuite xmlns:xsi="http://www.w3.org/2001/XMLSchema-instance" xsi:noNamespaceSchemaLocation="https://maven.apache.org/surefire/maven-surefire-plugin/xsd/surefire-test-report-3.0.xsd" version="3.0" name="Web-ClientLogin #1" time="84.027" tests="6" errors="0" skipped="0" failures="0">
  <properties>
    <property name="base.url" value="https://dev.pawzeeble.com/v2"/>
    <property name="sun.desktop" value="windows"/>
    <property name="awt.toolkit" value="sun.awt.windows.WToolkit"/>
    <property name="java.specification.version" value="11"/>
    <property name="webdriver.chrome.driver" value="C:\Users\ue\.cache\selenium\chromedriver\win32\105.0.5195.52\chromedriver.exe"/>
    <property name="sun.cpu.isalist" value="amd64"/>
    <property name="sun.jnu.encoding" value="Cp1252"/>
    <property name="java.class.path" value="D:\Pawzeeble-Infosol-LLP\Pawzeeble\target\test-classes;D:\Pawzeeble-Infosol-LLP\Pawzeeble\target\classes;C:\Users\ue\.m2\repository\io\cucumber\cucumber-junit\7.4.1\cucumber-junit-7.4.1.jar;C:\Users\ue\.m2\repository\org\apiguardian\apiguardian-api\1.1.2\apiguardian-api-1.1.2.jar;C:\Users\ue\.m2\repository\io\cucumber\cucumber-core\7.4.1\cucumber-core-7.4.1.jar;C:\Users\ue\.m2\repository\io\cucumber\cucumber-gherkin\7.4.1\cucumber-gherkin-7.4.1.jar;C:\Users\ue\.m2\repository\io\cucumber\cucumber-gherkin-messages\7.4.1\cucumber-gherkin-messages-7.4.1.jar;C:\Users\ue\.m2\repository\io\cucumber\messages\18.0.0\messages-18.0.0.jar;C:\Users\ue\.m2\repository\io\cucumber\tag-expressions\4.1.0\tag-expressions-4.1.0.jar;C:\Users\ue\.m2\repository\io\cucumber\cucumber-expressions\16.0.0\cucumber-expressions-16.0.0.jar;C:\Users\ue\.m2\repository\io\cucumber\datatable\7.4.1\datatable-7.4.1.jar;C:\Users\ue\.m2\repository\io\cucumber\cucumber-plugin\7.4.1\cucumber-plugin-7.4.1.jar;C:\Users\ue\.m2\repository\io\cucumber\docstring\7.4.1\docstring-7.4.1.jar;C:\Users\ue\.m2\repository\io\cucumber\html-formatter\19.2.0\html-formatter-19.2.0.jar;C:\Users\ue\.m2\repository\io\cucumber\ci-environment\9.0.4\ci-environment-9.0.4.jar;C:\Users\ue\.m2\repository\junit\junit\4.13.2\junit-4.13.2.jar;C:\Users\ue\.m2\repository\org\hamcrest\hamcrest-core\1.3\hamcrest-core-1.3.jar;C:\Users\ue\.m2\repository\io\cucumber\cucumber-java\7.4.1\cucumber-java-7.4.1.jar;C:\Users\ue\.m2\repository\com\codeborne\selenide\6.7.4\selenide-6.7.4.jar;C:\Users\ue\.m2\repository\org\seleniumhq\selenium\selenium-java\4.4.0\selenium-java-4.4.0.jar;C:\Users\ue\.m2\repository\org\seleniumhq\selenium\selenium-api\4.4.0\selenium-api-4.4.0.jar;C:\Users\ue\.m2\repository\org\seleniumhq\selenium\selenium-chrome-driver\4.4.0\selenium-chrome-driver-4.4.0.jar;C:\Users\ue\.m2\repository\com\google\auto\service\auto-service-annotations\1.0.1\auto-service-annotations-1.0.1.jar;C:\Users\ue\.m2\repository\com\google\auto\service\auto-service\1.0.1\auto-service-1.0.1.jar;C:\Users\ue\.m2\repository\com\google\auto\auto-common\1.2\auto-common-1.2.jar;C:\Users\ue\.m2\repository\org\seleniumhq\selenium\selenium-chromium-driver\4.4.0\selenium-chromium-driver-4.4.0.jar;C:\Users\ue\.m2\repository\org\seleniumhq\selenium\selenium-json\4.4.0\selenium-json-4.4.0.jar;C:\Users\ue\.m2\repository\org\seleniumhq\selenium\selenium-devtools-v102\4.4.0\selenium-devtools-v102-4.4.0.jar;C:\Users\ue\.m2\repository\org\seleniumhq\selenium\selenium-devtools-v103\4.4.0\selenium-devtools-v103-4.4.0.jar;C:\Users\ue\.m2\repository\org\seleniumhq\selenium\selenium-devtools-v104\4.4.0\selenium-devtools-v104-4.4.0.jar;C:\Users\ue\.m2\repository\org\seleniumhq\selenium\selenium-devtools-v85\4.4.0\selenium-devtools-v85-4.4.0.jar;C:\Users\ue\.m2\repository\org\seleniumhq\selenium\selenium-edge-driver\4.4.0\selenium-edge-driver-4.4.0.jar;C:\Users\ue\.m2\repository\org\seleniumhq\selenium\selenium-firefox-driver\4.4.0\selenium-firefox-driver-4.4.0.jar;C:\Users\ue\.m2\repository\org\seleniumhq\selenium\selenium-ie-driver\4.4.0\selenium-ie-driver-4.4.0.jar;C:\Users\ue\.m2\repository\org\seleniumhq\selenium\selenium-opera-driver\4.4.0\selenium-opera-driver-4.4.0.jar;C:\Users\ue\.m2\repository\org\seleniumhq\selenium\selenium-remote-driver\4.4.0\selenium-remote-driver-4.4.0.jar;C:\Users\ue\.m2\repository\com\beust\jcommander\1.82\jcommander-1.82.jar;C:\Users\ue\.m2\repository\io\netty\netty-buffer\4.1.78.Final\netty-buffer-4.1.78.Final.jar;C:\Users\ue\.m2\repository\io\netty\netty-codec-http\4.1.78.Final\netty-codec-http-4.1.78.Final.jar;C:\Users\ue\.m2\repository\io\netty\netty-codec\4.1.78.Final\netty-codec-4.1.78.Final.jar;C:\Users\ue\.m2\repository\io\netty\netty-handler\4.1.78.Final\netty-handler-4.1.78.Final.jar;C:\Users\ue\.m2\repository\io\netty\netty-common\4.1.78.Final\netty-common-4.1.78.Final.jar;C:\Users\ue\.m2\repository\io\netty\netty-transport-classes-epoll\4.1.78.Final\netty-transport-classes-epoll-4.1.78.Final.jar;C:\Users\ue\.m2\repository\io\netty\netty-transport-classes-kqueue\4.1.78.Final\netty-transport-classes-kqueue-4.1.78.Final.jar;C:\Users\ue\.m2\repository\io\netty\netty-transport-native-epoll\4.1.78.Final\netty-transport-native-epoll-4.1.78.Final.jar;C:\Users\ue\.m2\repository\io\netty\netty-transport-native-kqueue\4.1.78.Final\netty-transport-native-kqueue-4.1.78.Final.jar;C:\Users\ue\.m2\repository\io\netty\netty-transport-native-unix-common\4.1.78.Final\netty-transport-native-unix-common-4.1.78.Final.jar;C:\Users\ue\.m2\repository\io\netty\netty-transport\4.1.78.Final\netty-transport-4.1.78.Final.jar;C:\Users\ue\.m2\repository\io\netty\netty-resolver\4.1.78.Final\netty-resolver-4.1.78.Final.jar;C:\Users\ue\.m2\repository\io\opentelemetry\opentelemetry-api\1.16.0\opentelemetry-api-1.16.0.jar;C:\Users\ue\.m2\repository\io\opentelemetry\opentelemetry-context\1.16.0\opentelemetry-context-1.16.0.jar;C:\Users\ue\.m2\repository\io\opentelemetry\opentelemetry-exporter-logging\1.16.0\opentelemetry-exporter-logging-1.16.0.jar;C:\Users\ue\.m2\repository\io\opentelemetry\opentelemetry-sdk-metrics\1.16.0\opentelemetry-sdk-metrics-1.16.0.jar;C:\Users\ue\.m2\repository\io\opentelemetry\opentelemetry-sdk-logs\1.16.0-alpha\opentelemetry-sdk-logs-1.16.0-alpha.jar;C:\Users\ue\.m2\repository\io\opentelemetry\opentelemetry-sdk-common\1.16.0\opentelemetry-sdk-common-1.16.0.jar;C:\Users\ue\.m2\repository\io\opentelemetry\opentelemetry-sdk-extension-autoconfigure-spi\1.16.0\opentelemetry-sdk-extension-autoconfigure-spi-1.16.0.jar;C:\Users\ue\.m2\repository\io\opentelemetry\opentelemetry-sdk-extension-autoconfigure\1.16.0-alpha\opentelemetry-sdk-extension-autoconfigure-1.16.0-alpha.jar;C:\Users\ue\.m2\repository\io\opentelemetry\opentelemetry-sdk-trace\1.16.0\opentelemetry-sdk-trace-1.16.0.jar;C:\Users\ue\.m2\repository\io\opentelemetry\opentelemetry-sdk\1.16.0\opentelemetry-sdk-1.16.0.jar;C:\Users\ue\.m2\repository\io\opentelemetry\opentelemetry-semconv\1.16.0-alpha\opentelemetry-semconv-1.16.0-alpha.jar;C:\Users\ue\.m2\repository\io\ous\jtoml\2.0.0\jtoml-2.0.0.jar;C:\Users\ue\.m2\repository\net\bytebuddy\byte-buddy\1.12.10\byte-buddy-1.12.10.jar;C:\Users\ue\.m2\repository\org\apache\commons\commons-exec\1.3\commons-exec-1.3.jar;C:\Users\ue\.m2\repository\org\asynchttpclient\async-http-client\2.12.3\async-http-client-2.12.3.jar;C:\Users\ue\.m2\repository\org\asynchttpclient\async-http-client-netty-utils\2.12.3\async-http-client-netty-utils-2.12.3.jar;C:\Users\ue\.m2\repository\io\netty\netty-codec-socks\4.1.60.Final\netty-codec-socks-4.1.60.Final.jar;C:\Users\ue\.m2\repository\io\netty\netty-handler-proxy\4.1.60.Final\netty-handler-proxy-4.1.60.Final.jar;C:\Users\ue\.m2\repository\io\netty\netty-transport-native-epoll\4.1.60.Final\netty-transport-native-epoll-4.1.60.Final-linux-x86_64.jar;C:\Users\ue\.m2\repository\io\netty\netty-transport-native-kqueue\4.1.60.Final\netty-transport-native-kqueue-4.1.60.Final-osx-x86_64.jar;C:\Users\ue\.m2\repository\org\reactivestreams\reactive-streams\1.0.3\reactive-streams-1.0.3.jar;C:\Users\ue\.m2\repository\com\typesafe\netty\netty-reactive-streams\2.0.4\netty-reactive-streams-2.0.4.jar;C:\Users\ue\.m2\repository\org\seleniumhq\selenium\selenium-http\4.4.0\selenium-http-4.4.0.jar;C:\Users\ue\.m2\repository\dev\failsafe\failsafe\3.2.4\failsafe-3.2.4.jar;C:\Users\ue\.m2\repository\org\seleniumhq\selenium\selenium-safari-driver\4.4.0\selenium-safari-driver-4.4.0.jar;C:\Users\ue\.m2\repository\org\seleniumhq\selenium\selenium-support\4.4.0\selenium-support-4.4.0.jar;C:\Users\ue\.m2\repository\com\codeborne\selenide-core\6.7.4\selenide-core-6.7.4.jar;C:\Users\ue\.m2\repository\org\opentest4j\opentest4j\1.2.0\opentest4j-1.2.0.jar;C:\Users\ue\.m2\repository\io\github\bonigarcia\webdrivermanager\5.3.0\webdrivermanager-5.3.0.jar;C:\Users\ue\.m2\repository\com\google\code\gson\gson\2.9.1\gson-2.9.1.jar;C:\Users\ue\.m2\repository\org\brotli\dec\0.1.2\dec-0.1.2.jar;C:\Users\ue\.m2\repository\org\apache\httpcomponents\client5\httpclient5\5.1.3\httpclient5-5.1.3.jar;C:\Users\ue\.m2\repository\org\apache\httpcomponents\core5\httpcore5\5.1.3\httpcore5-5.1.3.jar;C:\Users\ue\.m2\repository\com\google\guava\guava\31.1-jre\guava-31.1-jre.jar;C:\Users\ue\.m2\repository\com\google\guava\failureaccess\1.0.1\failureaccess-1.0.1.jar;C:\Users\ue\.m2\repository\com\google\guava\listenablefuture\9999.0-empty-to-avoid-conflict-with-guava\listenablefuture-9999.0-empty-to-avoid-conflict-with-guava.jar;C:\Users\ue\.m2\repository\com\google\code\findbugs\jsr305\3.0.2\jsr305-3.0.2.jar;C:\Users\ue\.m2\repository\org\checkerframework\checker-qual\3.12.0\checker-qual-3.12.0.jar;C:\Users\ue\.m2\repository\com\google\errorprone\error_prone_annotations\2.11.0\error_prone_annotations-2.11.0.jar;C:\Users\ue\.m2\repository\com\google\j2objc\j2objc-annotations\1.3\j2objc-annotations-1.3.jar;C:\Users\ue\.m2\repository\org\apache\commons\commons-lang3\3.12.0\commons-lang3-3.12.0.jar;C:\Users\ue\.m2\repository\commons-io\commons-io\2.11.0\commons-io-2.11.0.jar;C:\Users\ue\.m2\repository\org\slf4j\slf4j-api\2.0.0\slf4j-api-2.0.0.jar;C:\Users\ue\.m2\repository\org\projectlombok\lombok\1.18.24\lombok-1.18.24.jar;C:\Users\ue\.m2\repository\io\qameta\allure\allure-cucumber7-jvm\2.19.0\allure-cucumber7-jvm-2.19.0.jar;C:\Users\ue\.m2\repository\io\qameta\allure\allure-java-commons\2.19.0\allure-java-commons-2.19.0.jar;C:\Users\ue\.m2\repository\io\qameta\allure\allure-model\2.19.0\allure-model-2.19.0.jar;C:\Users\ue\.m2\repository\io\cucumber\gherkin\23.0.1\gherkin-23.0.1.jar;C:\Users\ue\.m2\repository\org\apache\poi\poi\5.2.2\poi-5.2.2.jar;C:\Users\ue\.m2\repository\commons-codec\commons-codec\1.15\commons-codec-1.15.jar;C:\Users\ue\.m2\repository\org\apache\commons\commons-collections4\4.4\commons-collections4-4.4.jar;C:\Users\ue\.m2\repository\org\apache\commons\commons-math3\3.6.1\commons-math3-3.6.1.jar;C:\Users\ue\.m2\repository\com\zaxxer\SparseBitSet\1.2\SparseBitSet-1.2.jar;C:\Users\ue\.m2\repository\org\apache\logging\log4j\log4j-api\2.17.2\log4j-api-2.17.2.jar;C:\Users\ue\.m2\repository\org\apache\poi\poi-ooxml\5.2.2\poi-ooxml-5.2.2.jar;C:\Users\ue\.m2\repository\org\apache\poi\poi-ooxml-lite\5.2.2\poi-ooxml-lite-5.2.2.jar;C:\Users\ue\.m2\repository\org\apache\xmlbeans\xmlbeans\5.0.3\xmlbeans-5.0.3.jar;C:\Users\ue\.m2\repository\org\apache\commons\commons-compress\1.21\commons-compress-1.21.jar;C:\Users\ue\.m2\repository\com\github\virtuald\curvesapi\1.07\curvesapi-1.07.jar;C:\Users\ue\.m2\repository\com\fasterxml\jackson\core\jackson-core\2.13.1\jackson-core-2.13.1.jar;C:\Users\ue\.m2\repository\com\fasterxml\jackson\core\jackson-databind\2.13.3\jackson-databind-2.13.3.jar;C:\Users\ue\.m2\repository\com\fasterxml\jackson\core\jackson-annotations\2.13.3\jackson-annotations-2.13.3.jar;C:\Users\ue\.m2\repository\net\minidev\json-smart\2.4.8\json-smart-2.4.8.jar;C:\Users\ue\.m2\repository\net\minidev\accessors-smart\2.4.8\accessors-smart-2.4.8.jar;C:\Users\ue\.m2\repository\org\ow2\asm\asm\9.1\asm-9.1.jar;C:\Users\ue\.m2\repository\com\sun\mail\jakarta.mail\2.0.1\jakarta.mail-2.0.1.jar;C:\Users\ue\.m2\repository\com\sun\activation\jakarta.activation\2.0.1\jakarta.activation-2.0.1.jar;C:\Users\ue\.m2\repository\org\slf4j\slf4j-simple\1.7.36\slf4j-simple-1.7.36.jar;C:\Users\ue\.m2\repository\ch\qos\reload4j\reload4j\1.2.22\reload4j-1.2.22.jar;C:\Users\ue\.m2\repository\org\aspectj\aspectjweaver\1.9.7\aspectjweaver-1.9.7.jar;"/>
    <property name="java.vm.vendor" value="Oracle Corporation"/>
    <property name="sun.arch.data.model" value="64"/>
    <property name="user.variant" value=""/>
    <property name="java.vendor.url" value="https://openjdk.java.net/"/>
    <property name="user.timezone" value="Asia/Calcutta"/>
    <property name="java.vm.specification.version" value="11"/>
    <property name="os.name" value="Windows 10"/>
    <property name="sun.java.launcher" value="SUN_STANDARD"/>
    <property name="user.country" value="IN"/>
    <property name="sun.boot.library.path" value="C:\Program Files\Java\jdk-11.0.16.1\bin"/>
    <property name="sun.java.command" value="C:\Users\ue\AppData\Local\Temp\surefire18180700505833508132\surefirebooter4148582132755686401.jar C:\Users\ue\AppData\Local\Temp\surefire18180700505833508132 2023-03-22T18-09-39_675-jvmRun1 surefire3249736922518844388tmp surefire_07335878223560476745tmp"/>
    <property name="api.url" value=""/>
    <property name="jdk.debug" value="release"/>
    <property name="surefire.test.class.path" value="D:\Pawzeeble-Infosol-LLP\Pawzeeble\target\test-classes;D:\Pawzeeble-Infosol-LLP\Pawzeeble\target\classes;C:\Users\ue\.m2\repository\io\cucumber\cucumber-junit\7.4.1\cucumber-junit-7.4.1.jar;C:\Users\ue\.m2\repository\org\apiguardian\apiguardian-api\1.1.2\apiguardian-api-1.1.2.jar;C:\Users\ue\.m2\repository\io\cucumber\cucumber-core\7.4.1\cucumber-core-7.4.1.jar;C:\Users\ue\.m2\repository\io\cucumber\cucumber-gherkin\7.4.1\cucumber-gherkin-7.4.1.jar;C:\Users\ue\.m2\repository\io\cucumber\cucumber-gherkin-messages\7.4.1\cucumber-gherkin-messages-7.4.1.jar;C:\Users\ue\.m2\repository\io\cucumber\messages\18.0.0\messages-18.0.0.jar;C:\Users\ue\.m2\repository\io\cucumber\tag-expressions\4.1.0\tag-expressions-4.1.0.jar;C:\Users\ue\.m2\repository\io\cucumber\cucumber-expressions\16.0.0\cucumber-expressions-16.0.0.jar;C:\Users\ue\.m2\repository\io\cucumber\datatable\7.4.1\datatable-7.4.1.jar;C:\Users\ue\.m2\repository\io\cucumber\cucumber-plugin\7.4.1\cucumber-plugin-7.4.1.jar;C:\Users\ue\.m2\repository\io\cucumber\docstring\7.4.1\docstring-7.4.1.jar;C:\Users\ue\.m2\repository\io\cucumber\html-formatter\19.2.0\html-formatter-19.2.0.jar;C:\Users\ue\.m2\repository\io\cucumber\ci-environment\9.0.4\ci-environment-9.0.4.jar;C:\Users\ue\.m2\repository\junit\junit\4.13.2\junit-4.13.2.jar;C:\Users\ue\.m2\repository\org\hamcrest\hamcrest-core\1.3\hamcrest-core-1.3.jar;C:\Users\ue\.m2\repository\io\cucumber\cucumber-java\7.4.1\cucumber-java-7.4.1.jar;C:\Users\ue\.m2\repository\com\codeborne\selenide\6.7.4\selenide-6.7.4.jar;C:\Users\ue\.m2\repository\org\seleniumhq\selenium\selenium-java\4.4.0\selenium-java-4.4.0.jar;C:\Users\ue\.m2\repository\org\seleniumhq\selenium\selenium-api\4.4.0\selenium-api-4.4.0.jar;C:\Users\ue\.m2\repository\org\seleniumhq\selenium\selenium-chrome-driver\4.4.0\selenium-chrome-driver-4.4.0.jar;C:\Users\ue\.m2\repository\com\google\auto\service\auto-service-annotations\1.0.1\auto-service-annotations-1.0.1.jar;C:\Users\ue\.m2\repository\com\google\auto\service\auto-service\1.0.1\auto-service-1.0.1.jar;C:\Users\ue\.m2\repository\com\google\auto\auto-common\1.2\auto-common-1.2.jar;C:\Users\ue\.m2\repository\org\seleniumhq\selenium\selenium-chromium-driver\4.4.0\selenium-chromium-driver-4.4.0.jar;C:\Users\ue\.m2\repository\org\seleniumhq\selenium\selenium-json\4.4.0\selenium-json-4.4.0.jar;C:\Users\ue\.m2\repository\org\seleniumhq\selenium\selenium-devtools-v102\4.4.0\selenium-devtools-v102-4.4.0.jar;C:\Users\ue\.m2\repository\org\seleniumhq\selenium\selenium-devtools-v103\4.4.0\selenium-devtools-v103-4.4.0.jar;C:\Users\ue\.m2\repository\org\seleniumhq\selenium\selenium-devtools-v104\4.4.0\selenium-devtools-v104-4.4.0.jar;C:\Users\ue\.m2\repository\org\seleniumhq\selenium\selenium-devtools-v85\4.4.0\selenium-devtools-v85-4.4.0.jar;C:\Users\ue\.m2\repository\org\seleniumhq\selenium\selenium-edge-driver\4.4.0\selenium-edge-driver-4.4.0.jar;C:\Users\ue\.m2\repository\org\seleniumhq\selenium\selenium-firefox-driver\4.4.0\selenium-firefox-driver-4.4.0.jar;C:\Users\ue\.m2\repository\org\seleniumhq\selenium\selenium-ie-driver\4.4.0\selenium-ie-driver-4.4.0.jar;C:\Users\ue\.m2\repository\org\seleniumhq\selenium\selenium-opera-driver\4.4.0\selenium-opera-driver-4.4.0.jar;C:\Users\ue\.m2\repository\org\seleniumhq\selenium\selenium-remote-driver\4.4.0\selenium-remote-driver-4.4.0.jar;C:\Users\ue\.m2\repository\com\beust\jcommander\1.82\jcommander-1.82.jar;C:\Users\ue\.m2\repository\io\netty\netty-buffer\4.1.78.Final\netty-buffer-4.1.78.Final.jar;C:\Users\ue\.m2\repository\io\netty\netty-codec-http\4.1.78.Final\netty-codec-http-4.1.78.Final.jar;C:\Users\ue\.m2\repository\io\netty\netty-codec\4.1.78.Final\netty-codec-4.1.78.Final.jar;C:\Users\ue\.m2\repository\io\netty\netty-handler\4.1.78.Final\netty-handler-4.1.78.Final.jar;C:\Users\ue\.m2\repository\io\netty\netty-common\4.1.78.Final\netty-common-4.1.78.Final.jar;C:\Users\ue\.m2\repository\io\netty\netty-transport-classes-epoll\4.1.78.Final\netty-transport-classes-epoll-4.1.78.Final.jar;C:\Users\ue\.m2\repository\io\netty\netty-transport-classes-kqueue\4.1.78.Final\netty-transport-classes-kqueue-4.1.78.Final.jar;C:\Users\ue\.m2\repository\io\netty\netty-transport-native-epoll\4.1.78.Final\netty-transport-native-epoll-4.1.78.Final.jar;C:\Users\ue\.m2\repository\io\netty\netty-transport-native-kqueue\4.1.78.Final\netty-transport-native-kqueue-4.1.78.Final.jar;C:\Users\ue\.m2\repository\io\netty\netty-transport-native-unix-common\4.1.78.Final\netty-transport-native-unix-common-4.1.78.Final.jar;C:\Users\ue\.m2\repository\io\netty\netty-transport\4.1.78.Final\netty-transport-4.1.78.Final.jar;C:\Users\ue\.m2\repository\io\netty\netty-resolver\4.1.78.Final\netty-resolver-4.1.78.Final.jar;C:\Users\ue\.m2\repository\io\opentelemetry\opentelemetry-api\1.16.0\opentelemetry-api-1.16.0.jar;C:\Users\ue\.m2\repository\io\opentelemetry\opentelemetry-context\1.16.0\opentelemetry-context-1.16.0.jar;C:\Users\ue\.m2\repository\io\opentelemetry\opentelemetry-exporter-logging\1.16.0\opentelemetry-exporter-logging-1.16.0.jar;C:\Users\ue\.m2\repository\io\opentelemetry\opentelemetry-sdk-metrics\1.16.0\opentelemetry-sdk-metrics-1.16.0.jar;C:\Users\ue\.m2\repository\io\opentelemetry\opentelemetry-sdk-logs\1.16.0-alpha\opentelemetry-sdk-logs-1.16.0-alpha.jar;C:\Users\ue\.m2\repository\io\opentelemetry\opentelemetry-sdk-common\1.16.0\opentelemetry-sdk-common-1.16.0.jar;C:\Users\ue\.m2\repository\io\opentelemetry\opentelemetry-sdk-extension-autoconfigure-spi\1.16.0\opentelemetry-sdk-extension-autoconfigure-spi-1.16.0.jar;C:\Users\ue\.m2\repository\io\opentelemetry\opentelemetry-sdk-extension-autoconfigure\1.16.0-alpha\opentelemetry-sdk-extension-autoconfigure-1.16.0-alpha.jar;C:\Users\ue\.m2\repository\io\opentelemetry\opentelemetry-sdk-trace\1.16.0\opentelemetry-sdk-trace-1.16.0.jar;C:\Users\ue\.m2\repository\io\opentelemetry\opentelemetry-sdk\1.16.0\opentelemetry-sdk-1.16.0.jar;C:\Users\ue\.m2\repository\io\opentelemetry\opentelemetry-semconv\1.16.0-alpha\opentelemetry-semconv-1.16.0-alpha.jar;C:\Users\ue\.m2\repository\io\ous\jtoml\2.0.0\jtoml-2.0.0.jar;C:\Users\ue\.m2\repository\net\bytebuddy\byte-buddy\1.12.10\byte-buddy-1.12.10.jar;C:\Users\ue\.m2\repository\org\apache\commons\commons-exec\1.3\commons-exec-1.3.jar;C:\Users\ue\.m2\repository\org\asynchttpclient\async-http-client\2.12.3\async-http-client-2.12.3.jar;C:\Users\ue\.m2\repository\org\asynchttpclient\async-http-client-netty-utils\2.12.3\async-http-client-netty-utils-2.12.3.jar;C:\Users\ue\.m2\repository\io\netty\netty-codec-socks\4.1.60.Final\netty-codec-socks-4.1.60.Final.jar;C:\Users\ue\.m2\repository\io\netty\netty-handler-proxy\4.1.60.Final\netty-handler-proxy-4.1.60.Final.jar;C:\Users\ue\.m2\repository\io\netty\netty-transport-native-epoll\4.1.60.Final\netty-transport-native-epoll-4.1.60.Final-linux-x86_64.jar;C:\Users\ue\.m2\repository\io\netty\netty-transport-native-kqueue\4.1.60.Final\netty-transport-native-kqueue-4.1.60.Final-osx-x86_64.jar;C:\Users\ue\.m2\repository\org\reactivestreams\reactive-streams\1.0.3\reactive-streams-1.0.3.jar;C:\Users\ue\.m2\repository\com\typesafe\netty\netty-reactive-streams\2.0.4\netty-reactive-streams-2.0.4.jar;C:\Users\ue\.m2\repository\org\seleniumhq\selenium\selenium-http\4.4.0\selenium-http-4.4.0.jar;C:\Users\ue\.m2\repository\dev\failsafe\failsafe\3.2.4\failsafe-3.2.4.jar;C:\Users\ue\.m2\repository\org\seleniumhq\selenium\selenium-safari-driver\4.4.0\selenium-safari-driver-4.4.0.jar;C:\Users\ue\.m2\repository\org\seleniumhq\selenium\selenium-support\4.4.0\selenium-support-4.4.0.jar;C:\Users\ue\.m2\repository\com\codeborne\selenide-core\6.7.4\selenide-core-6.7.4.jar;C:\Users\ue\.m2\repository\org\opentest4j\opentest4j\1.2.0\opentest4j-1.2.0.jar;C:\Users\ue\.m2\repository\io\github\bonigarcia\webdrivermanager\5.3.0\webdrivermanager-5.3.0.jar;C:\Users\ue\.m2\repository\com\google\code\gson\gson\2.9.1\gson-2.9.1.jar;C:\Users\ue\.m2\repository\org\brotli\dec\0.1.2\dec-0.1.2.jar;C:\Users\ue\.m2\repository\org\apache\httpcomponents\client5\httpclient5\5.1.3\httpclient5-5.1.3.jar;C:\Users\ue\.m2\repository\org\apache\httpcomponents\core5\httpcore5\5.1.3\httpcore5-5.1.3.jar;C:\Users\ue\.m2\repository\com\google\guava\guava\31.1-jre\guava-31.1-jre.jar;C:\Users\ue\.m2\repository\com\google\guava\failureaccess\1.0.1\failureaccess-1.0.1.jar;C:\Users\ue\.m2\repository\com\google\guava\listenablefuture\9999.0-empty-to-avoid-conflict-with-guava\listenablefuture-9999.0-empty-to-avoid-conflict-with-guava.jar;C:\Users\ue\.m2\repository\com\google\code\findbugs\jsr305\3.0.2\jsr305-3.0.2.jar;C:\Users\ue\.m2\repository\org\checkerframework\checker-qual\3.12.0\checker-qual-3.12.0.jar;C:\Users\ue\.m2\repository\com\google\errorprone\error_prone_annotations\2.11.0\error_prone_annotations-2.11.0.jar;C:\Users\ue\.m2\repository\com\google\j2objc\j2objc-annotations\1.3\j2objc-annotations-1.3.jar;C:\Users\ue\.m2\repository\org\apache\commons\commons-lang3\3.12.0\commons-lang3-3.12.0.jar;C:\Users\ue\.m2\repository\commons-io\commons-io\2.11.0\commons-io-2.11.0.jar;C:\Users\ue\.m2\repository\org\slf4j\slf4j-api\2.0.0\slf4j-api-2.0.0.jar;C:\Users\ue\.m2\repository\org\projectlombok\lombok\1.18.24\lombok-1.18.24.jar;C:\Users\ue\.m2\repository\io\qameta\allure\allure-cucumber7-jvm\2.19.0\allure-cucumber7-jvm-2.19.0.jar;C:\Users\ue\.m2\repository\io\qameta\allure\allure-java-commons\2.19.0\allure-java-commons-2.19.0.jar;C:\Users\ue\.m2\repository\io\qameta\allure\allure-model\2.19.0\allure-model-2.19.0.jar;C:\Users\ue\.m2\repository\io\cucumber\gherkin\23.0.1\gherkin-23.0.1.jar;C:\Users\ue\.m2\repository\org\apache\poi\poi\5.2.2\poi-5.2.2.jar;C:\Users\ue\.m2\repository\commons-codec\commons-codec\1.15\commons-codec-1.15.jar;C:\Users\ue\.m2\repository\org\apache\commons\commons-collections4\4.4\commons-collections4-4.4.jar;C:\Users\ue\.m2\repository\org\apache\commons\commons-math3\3.6.1\commons-math3-3.6.1.jar;C:\Users\ue\.m2\repository\com\zaxxer\SparseBitSet\1.2\SparseBitSet-1.2.jar;C:\Users\ue\.m2\repository\org\apache\logging\log4j\log4j-api\2.17.2\log4j-api-2.17.2.jar;C:\Users\ue\.m2\repository\org\apache\poi\poi-ooxml\5.2.2\poi-ooxml-5.2.2.jar;C:\Users\ue\.m2\repository\org\apache\poi\poi-ooxml-lite\5.2.2\poi-ooxml-lite-5.2.2.jar;C:\Users\ue\.m2\repository\org\apache\xmlbeans\xmlbeans\5.0.3\xmlbeans-5.0.3.jar;C:\Users\ue\.m2\repository\org\apache\commons\commons-compress\1.21\commons-compress-1.21.jar;C:\Users\ue\.m2\repository\com\github\virtuald\curvesapi\1.07\curvesapi-1.07.jar;C:\Users\ue\.m2\repository\com\fasterxml\jackson\core\jackson-core\2.13.1\jackson-core-2.13.1.jar;C:\Users\ue\.m2\repository\com\fasterxml\jackson\core\jackson-databind\2.13.3\jackson-databind-2.13.3.jar;C:\Users\ue\.m2\repository\com\fasterxml\jackson\core\jackson-annotations\2.13.3\jackson-annotations-2.13.3.jar;C:\Users\ue\.m2\repository\net\minidev\json-smart\2.4.8\json-smart-2.4.8.jar;C:\Users\ue\.m2\repository\net\minidev\accessors-smart\2.4.8\accessors-smart-2.4.8.jar;C:\Users\ue\.m2\repository\org\ow2\asm\asm\9.1\asm-9.1.jar;C:\Users\ue\.m2\repository\com\sun\mail\jakarta.mail\2.0.1\jakarta.mail-2.0.1.jar;C:\Users\ue\.m2\repository\com\sun\activation\jakarta.activation\2.0.1\jakarta.activation-2.0.1.jar;C:\Users\ue\.m2\repository\org\slf4j\slf4j-simple\1.7.36\slf4j-simple-1.7.36.jar;C:\Users\ue\.m2\repository\ch\qos\reload4j\reload4j\1.2.22\reload4j-1.2.22.jar;C:\Users\ue\.m2\repository\org\aspectj\aspectjweaver\1.9.7\aspectjweaver-1.9.7.jar;"/>
    <property name="sun.cpu.endian" value="little"/>
    <property name="allure.results.directory" value="D:\Pawzeeble-Infosol-LLP\Pawzeeble/target/allure-results"/>
    <property name="user.home" value="C:\Users\ue"/>
    <property name="user.language" value="en"/>
    <property name="java.specification.vendor" value="Oracle Corporation"/>
    <property name="java.version.date" value="2022-08-18"/>
    <property name="java.home" value="C:\Program Files\Java\jdk-11.0.16.1"/>
    <property name="file.separator" value="\"/>
    <property name="basedir" value="D:\Pawzeeble-Infosol-LLP\Pawzeeble"/>
    <property name="java.vm.compressedOopsMode" value="32-bit"/>
    <property name="line.separator" value="&#10;"/>
    <property name="java.specification.name" value="Java Platform API Specification"/>
    <property name="java.vm.specification.vendor" value="Oracle Corporation"/>
    <property name="java.awt.graphicsenv" value="sun.awt.Win32GraphicsEnvironment"/>
    <property name="surefire.real.class.path" value="C:\Users\ue\AppData\Local\Temp\surefire18180700505833508132\surefirebooter4148582132755686401.jar"/>
    <property name="user.script" value=""/>
    <property name="sun.management.compiler" value="HotSpot 64-Bit Tiered Compilers"/>
    <property name="java.runtime.version" value="11.0.16.1+1-LTS-1"/>
    <property name="user.name" value="ue"/>
    <property name="path.separator" value=";"/>
    <property name="os.version" value="10.0"/>
    <property name="java.runtime.name" value="Java(TM) SE Runtime Environment"/>
    <property name="file.encoding" value="Cp1252"/>
    <property name="java.vm.name" value="Java HotSpot(TM) 64-Bit Server VM"/>
    <property name="java.vendor.version" value="18.9"/>
    <property name="localRepository" value="C:\Users\ue\.m2\repository"/>
    <property name="java.vendor.url.bug" value="https://bugreport.java.com/bugreport/"/>
    <property name="java.io.tmpdir" value="C:\Users\ue\AppData\Local\Temp\"/>
    <property name="java.version" value="11.0.16.1"/>
    <property name="cucumber.filter.tags" value="@e2e"/>
    <property name="user.dir" value="D:\Pawzeeble-Infosol-LLP\Pawzeeble"/>
    <property name="os.arch" value="amd64"/>
    <property name="java.vm.specification.name" value="Java Virtual Machine Specification"/>
    <property name="java.awt.printerjob" value="sun.awt.windows.WPrinterJob"/>
    <property name="sun.os.patch.level" value=""/>
    <property name="java.library.path" value="C:\Program Files\Java\jdk-11.0.16.1\bin;C:\Windows\Sun\Java\bin;C:\Windows\system32;C:\Windows;C:\Program Files\Common Files\Oracle\Java\javapath;C:\Windows\system32;C:\Windows;C:\Windows\System32\Wbem;C:\Windows\System32\WindowsPowerShell\v1.0\;C:\Windows\System32\OpenSSH\;D:\sel downloads\allure-2.20.1\bin;C:\Program Files\apache-maven-3.8.7\bin;C:\Users\ue\AppData\Local\Microsoft\WindowsApps;;."/>
    <property name="java.vendor" value="Oracle Corporation"/>
    <property name="java.vm.info" value="mixed mode"/>
    <property name="java.vm.version" value="11.0.16.1+1-LTS-1"/>
    <property name="sun.io.unicode.encoding" value="UnicodeLittle"/>
    <property name="java.class.version" value="55.0"/>
    <property name="webdriver.http.factory" value="selenide-netty-client-factory"/>
  </properties>
  <testcase name="To check UI of login screen for mobile number" classname="Web-ClientLogin #1" time="13.906">
    <system-out><![CDATA[SLF4J: No SLF4J providers were found.
SLF4J: Defaulting to no-operation (NOP) logger implementation
SLF4J: See http://www.slf4j.org/codes.html#noProviders for further details.
SLF4J: Class path contains SLF4J bindings targeting slf4j-api versions prior to 1.8.
SLF4J: Ignoring binding found at [jar:file:/C:/Users/ue/.m2/repository/org/slf4j/slf4j-simple/1.7.36/slf4j-simple-1.7.36.jar!/org/slf4j/impl/StaticLoggerBinder.class]
SLF4J: See http://www.slf4j.org/codes.html#ignoredBindings for an explanation.

@Client @ClientLogin @e2e
Scenario: To check UI of login screen for mobile number                                             # src/test/java/pooja/cucumber/demo/tests/feature/user/Login.feature:7
in hooks
  Given Open browser for application                                                                # pooja.cucumber.demo.tests.stepDefinations.user.LoginTests.open_browser_for_application()
  When User clicks on join Pawzeeble button                                                         # pooja.cucumber.demo.tests.stepDefinations.user.LoginTests.user_clicks_on_join_pawzeeble_button()
  Then User can see heading message "Welcome to Pawzeeble" on login screen                          # pooja.cucumber.demo.tests.stepDefinations.user.LoginTests.user_can_see_heading_message_something_on_login_screen(java.lang.String)
  And User can see detailed message "Please provide the following details to login" on login screen # pooja.cucumber.demo.tests.stepDefinations.user.LoginTests.user_can_see_detailed_message_something_on_login_screen(java.lang.String)
  And User can see label as "Mobile Number" on login screen                                         # pooja.cucumber.demo.tests.stepDefinations.user.LoginTests.user_can_see_label_as_something_on_login_screen(java.lang.String)
  And User can see send OTP button with text as "Send OTP" on login screen                          # pooja.cucumber.demo.tests.stepDefinations.user.LoginTests.user_can_see_send_otp_button_with_text_as_something_on_login_screen(java.lang.String)
  When User clicks on mobile number textbox                                                         # pooja.cucumber.demo.tests.stepDefinations.user.LoginTests.user_clicks_on_mobile_number_textbox()
  And User click outside of mobile number                                                           # pooja.cucumber.demo.tests.stepDefinations.user.LoginTests.user_click_outside_of_mobile_number()
  Then User can see validation message "Incorrect Mobile No." on login screen                       # pooja.cucumber.demo.tests.stepDefinations.user.LoginTests.user_can_see_validation_message_something_on_login_screen(java.lang.String)
]]></system-out>
    <system-err><![CDATA[ERROR StatusLogger Log4j2 could not find a logging implementation. Please add log4j-core to the classpath. Using SimpleLogger to log to the console...
Starting ChromeDriver 105.0.5195.52 (412c95e518836d8a7d97250d62b29c2ae6a26a85-refs/branch-heads/5195@{#853}) on port 56271
Only local connections are allowed.
Please see https://chromedriver.chromium.org/security-considerations for suggestions on keeping ChromeDriver safe.
ChromeDriver was started successfully.
Mar 22, 2023 6:09:49 PM org.openqa.selenium.remote.ProtocolHandshake createSession
INFO: Detected upstream dialect: W3C
Mar 22, 2023 6:09:49 PM org.openqa.selenium.devtools.CdpVersionFinder findNearestMatch
WARNING: Unable to find an exact match for CDP version 105, so returning the closest version found: 104
Mar 22, 2023 6:09:49 PM org.openqa.selenium.devtools.CdpVersionFinder findNearestMatch
INFO: Found CDP implementation for version 105 of 104
Mar 22, 2023 6:09:56 PM pooja.cucumber.demo.utils.Log info
INFO: clearCache
Mar 22, 2023 6:09:56 PM pooja.cucumber.demo.utils.Log info
INFO: clearCookies
Mar 22, 2023 6:09:56 PM pooja.cucumber.demo.utils.Log info
INFO: clearLocalStorage
]]></system-err>
  </testcase>
  <testcase name="To check invalid mobile numbers on login screen #1" classname="Web-ClientLogin #1" time="10.475">
    <system-out><![CDATA[
@Client @ClientLogin @e2e
Scenario Outline: To check invalid mobile numbers on login screen            # src/test/java/pooja/cucumber/demo/tests/feature/user/Login.feature:31
in hooks
  Given Open browser for application                                         # pooja.cucumber.demo.tests.stepDefinations.user.LoginTests.open_browser_for_application()
  When User clicks on join Pawzeeble button                                  # pooja.cucumber.demo.tests.stepDefinations.user.LoginTests.user_clicks_on_join_pawzeeble_button()
  Then User can see label as "Mobile Number(required)" on login screen       # pooja.cucumber.demo.tests.stepDefinations.user.LoginTests.user_can_see_label_as_something_on_login_screen(java.lang.String)
  When User enter mobile number as 123 on login screen                       # pooja.cucumber.demo.tests.stepDefinations.user.LoginTests.user_enter_mobile_number_as_on_login_screen(java.lang.String)
  And User click outside of mobile number                                    # pooja.cucumber.demo.tests.stepDefinations.user.LoginTests.user_click_outside_of_mobile_number()
  Then User can see send OTP button is disabled                              # pooja.cucumber.demo.tests.stepDefinations.user.LoginTests.user_can_see_send_otp_button_is_disabled()
  And User can see validation message "Incorrect Mobile No." on login screen # pooja.cucumber.demo.tests.stepDefinations.user.LoginTests.user_can_see_validation_message_something_on_login_screen(java.lang.String)
]]></system-out>
    <system-err><![CDATA[Starting ChromeDriver 105.0.5195.52 (412c95e518836d8a7d97250d62b29c2ae6a26a85-refs/branch-heads/5195@{#853}) on port 57784
Only local connections are allowed.
Please see https://chromedriver.chromium.org/security-considerations for suggestions on keeping ChromeDriver safe.
ChromeDriver was started successfully.
Mar 22, 2023 6:09:59 PM org.openqa.selenium.remote.ProtocolHandshake createSession
INFO: Detected upstream dialect: W3C
Mar 22, 2023 6:09:59 PM org.openqa.selenium.devtools.CdpVersionFinder findNearestMatch
WARNING: Unable to find an exact match for CDP version 105, so returning the closest version found: 104
Mar 22, 2023 6:09:59 PM org.openqa.selenium.devtools.CdpVersionFinder findNearestMatch
INFO: Found CDP implementation for version 105 of 104
Mar 22, 2023 6:10:08 PM pooja.cucumber.demo.utils.Log info
INFO: clearCache
Mar 22, 2023 6:10:08 PM pooja.cucumber.demo.utils.Log info
INFO: clearCookies
Mar 22, 2023 6:10:08 PM pooja.cucumber.demo.utils.Log info
INFO: clearLocalStorage
]]></system-err>
  </testcase>
  <testcase name="To check invalid mobile numbers on login screen #2" classname="Web-ClientLogin #1" time="11.153">
    <system-out><![CDATA[
@Client @ClientLogin @e2e
Scenario Outline: To check invalid mobile numbers on login screen            # src/test/java/pooja/cucumber/demo/tests/feature/user/Login.feature:32
in hooks
  Given Open browser for application                                         # pooja.cucumber.demo.tests.stepDefinations.user.LoginTests.open_browser_for_application()
  When User clicks on join Pawzeeble button                                  # pooja.cucumber.demo.tests.stepDefinations.user.LoginTests.user_clicks_on_join_pawzeeble_button()
  Then User can see label as "Mobile Number(required)" on login screen       # pooja.cucumber.demo.tests.stepDefinations.user.LoginTests.user_can_see_label_as_something_on_login_screen(java.lang.String)
  When User enter mobile number as 12345678900 on login screen               # pooja.cucumber.demo.tests.stepDefinations.user.LoginTests.user_enter_mobile_number_as_on_login_screen(java.lang.String)
  And User click outside of mobile number                                    # pooja.cucumber.demo.tests.stepDefinations.user.LoginTests.user_click_outside_of_mobile_number()
  Then User can see send OTP button is disabled                              # pooja.cucumber.demo.tests.stepDefinations.user.LoginTests.user_can_see_send_otp_button_is_disabled()
  And User can see validation message "Incorrect Mobile No." on login screen # pooja.cucumber.demo.tests.stepDefinations.user.LoginTests.user_can_see_validation_message_something_on_login_screen(java.lang.String)
]]></system-out>
    <system-err><![CDATA[Starting ChromeDriver 105.0.5195.52 (412c95e518836d8a7d97250d62b29c2ae6a26a85-refs/branch-heads/5195@{#853}) on port 57303
Only local connections are allowed.
Please see https://chromedriver.chromium.org/security-considerations for suggestions on keeping ChromeDriver safe.
ChromeDriver was started successfully.
Mar 22, 2023 6:10:10 PM org.openqa.selenium.remote.ProtocolHandshake createSession
INFO: Detected upstream dialect: W3C
Mar 22, 2023 6:10:10 PM org.openqa.selenium.devtools.CdpVersionFinder findNearestMatch
WARNING: Unable to find an exact match for CDP version 105, so returning the closest version found: 104
Mar 22, 2023 6:10:10 PM org.openqa.selenium.devtools.CdpVersionFinder findNearestMatch
INFO: Found CDP implementation for version 105 of 104
Mar 22, 2023 6:10:18 PM pooja.cucumber.demo.utils.Log info
INFO: clearCache
Mar 22, 2023 6:10:18 PM pooja.cucumber.demo.utils.Log info
INFO: clearCookies
Mar 22, 2023 6:10:18 PM pooja.cucumber.demo.utils.Log info
INFO: clearLocalStorage
]]></system-err>
  </testcase>
  <testcase name="To check invalid mobile numbers on login screen #3" classname="Web-ClientLogin #1" time="11.672">
    <system-out><![CDATA[
@Client @ClientLogin @e2e
Scenario Outline: To check invalid mobile numbers on login screen            # src/test/java/pooja/cucumber/demo/tests/feature/user/Login.feature:33
in hooks
  Given Open browser for application                                         # pooja.cucumber.demo.tests.stepDefinations.user.LoginTests.open_browser_for_application()
  When User clicks on join Pawzeeble button                                  # pooja.cucumber.demo.tests.stepDefinations.user.LoginTests.user_clicks_on_join_pawzeeble_button()
  Then User can see label as "Mobile Number(required)" on login screen       # pooja.cucumber.demo.tests.stepDefinations.user.LoginTests.user_can_see_label_as_something_on_login_screen(java.lang.String)
  When User enter mobile number as 47892366 on login screen                  # pooja.cucumber.demo.tests.stepDefinations.user.LoginTests.user_enter_mobile_number_as_on_login_screen(java.lang.String)
  And User click outside of mobile number                                    # pooja.cucumber.demo.tests.stepDefinations.user.LoginTests.user_click_outside_of_mobile_number()
  Then User can see send OTP button is disabled                              # pooja.cucumber.demo.tests.stepDefinations.user.LoginTests.user_can_see_send_otp_button_is_disabled()
  And User can see validation message "Incorrect Mobile No." on login screen # pooja.cucumber.demo.tests.stepDefinations.user.LoginTests.user_can_see_validation_message_something_on_login_screen(java.lang.String)
]]></system-out>
    <system-err><![CDATA[Starting ChromeDriver 105.0.5195.52 (412c95e518836d8a7d97250d62b29c2ae6a26a85-refs/branch-heads/5195@{#853}) on port 53684
Only local connections are allowed.
Please see https://chromedriver.chromium.org/security-considerations for suggestions on keeping ChromeDriver safe.
ChromeDriver was started successfully.
Mar 22, 2023 6:10:21 PM org.openqa.selenium.remote.ProtocolHandshake createSession
INFO: Detected upstream dialect: W3C
Mar 22, 2023 6:10:21 PM org.openqa.selenium.devtools.CdpVersionFinder findNearestMatch
WARNING: Unable to find an exact match for CDP version 105, so returning the closest version found: 104
Mar 22, 2023 6:10:21 PM org.openqa.selenium.devtools.CdpVersionFinder findNearestMatch
INFO: Found CDP implementation for version 105 of 104
Mar 22, 2023 6:10:31 PM pooja.cucumber.demo.utils.Log info
INFO: clearCache
Mar 22, 2023 6:10:31 PM pooja.cucumber.demo.utils.Log info
INFO: clearCookies
Mar 22, 2023 6:10:31 PM pooja.cucumber.demo.utils.Log info
INFO: clearLocalStorage
]]></system-err>
  </testcase>
  <testcase name="To check invalid mobile numbers on login screen #4" classname="Web-ClientLogin #1" time="9.892">
    <system-out><![CDATA[
@Client @ClientLogin @e2e
Scenario Outline: To check invalid mobile numbers on login screen            # src/test/java/pooja/cucumber/demo/tests/feature/user/Login.feature:34
in hooks
  Given Open browser for application                                         # pooja.cucumber.demo.tests.stepDefinations.user.LoginTests.open_browser_for_application()
  When User clicks on join Pawzeeble button                                  # pooja.cucumber.demo.tests.stepDefinations.user.LoginTests.user_clicks_on_join_pawzeeble_button()
  Then User can see label as "Mobile Number(required)" on login screen       # pooja.cucumber.demo.tests.stepDefinations.user.LoginTests.user_can_see_label_as_something_on_login_screen(java.lang.String)
  When User enter mobile number as abc on login screen                       # pooja.cucumber.demo.tests.stepDefinations.user.LoginTests.user_enter_mobile_number_as_on_login_screen(java.lang.String)
  And User click outside of mobile number                                    # pooja.cucumber.demo.tests.stepDefinations.user.LoginTests.user_click_outside_of_mobile_number()
  Then User can see send OTP button is disabled                              # pooja.cucumber.demo.tests.stepDefinations.user.LoginTests.user_can_see_send_otp_button_is_disabled()
  And User can see validation message "Incorrect Mobile No." on login screen # pooja.cucumber.demo.tests.stepDefinations.user.LoginTests.user_can_see_validation_message_something_on_login_screen(java.lang.String)
]]></system-out>
    <system-err><![CDATA[Starting ChromeDriver 105.0.5195.52 (412c95e518836d8a7d97250d62b29c2ae6a26a85-refs/branch-heads/5195@{#853}) on port 63496
Only local connections are allowed.
Please see https://chromedriver.chromium.org/security-considerations for suggestions on keeping ChromeDriver safe.
ChromeDriver was started successfully.
Mar 22, 2023 6:10:33 PM org.openqa.selenium.remote.ProtocolHandshake createSession
INFO: Detected upstream dialect: W3C
Mar 22, 2023 6:10:33 PM org.openqa.selenium.devtools.CdpVersionFinder findNearestMatch
WARNING: Unable to find an exact match for CDP version 105, so returning the closest version found: 104
Mar 22, 2023 6:10:33 PM org.openqa.selenium.devtools.CdpVersionFinder findNearestMatch
INFO: Found CDP implementation for version 105 of 104
Mar 22, 2023 6:10:41 PM pooja.cucumber.demo.utils.Log info
INFO: clearCache
Mar 22, 2023 6:10:41 PM pooja.cucumber.demo.utils.Log info
INFO: clearCookies
Mar 22, 2023 6:10:41 PM pooja.cucumber.demo.utils.Log info
INFO: clearLocalStorage
]]></system-err>
  </testcase>
  <testcase name="To check valid mobile numbers on login screen" classname="Web-ClientLogin #1" time="26.928">
    <system-out><![CDATA[
@Client @ClientLogin @e2e
Scenario: To check valid mobile numbers on login screen                     # src/test/java/pooja/cucumber/demo/tests/feature/user/Login.feature:36
in hooks
  Given Open browser for application                                        # pooja.cucumber.demo.tests.stepDefinations.user.LoginTests.open_browser_for_application()
  When User clicks on join Pawzeeble button                                 # pooja.cucumber.demo.tests.stepDefinations.user.LoginTests.user_clicks_on_join_pawzeeble_button()
  Then User can see label as "Mobile Number(required)" on login screen      # pooja.cucumber.demo.tests.stepDefinations.user.LoginTests.user_can_see_label_as_something_on_login_screen(java.lang.String)
  When User enter mobile number "8767252435" on login screen                # pooja.cucumber.demo.tests.stepDefinations.user.LoginTests.user_enter_mobile_number_something_on_login_screen(java.lang.String)
  Then User can see send OTP button is enabled                              # pooja.cucumber.demo.tests.stepDefinations.user.LoginTests.user_can_see_send_otp_button_is_enabled()
  When User clicks on Send OTP button                                       # pooja.cucumber.demo.tests.stepDefinations.user.LoginTests.user_clicks_on_send_otp_button()
  Then User can see heading message "Please provide the OTP"                # pooja.cucumber.demo.tests.stepDefinations.user.LoginTests.user_can_see_heading_message_something(java.lang.String)
  And User can see detailed message "An OTP has been sent to" on OTP screen # pooja.cucumber.demo.tests.stepDefinations.user.LoginTests.user_can_see_detailed_message_something_on_otp_screen(java.lang.String)
  And User can see label as "OTP" on OTP screen                             # pooja.cucumber.demo.tests.stepDefinations.user.LoginTests.user_can_see_label_as_something_on_otp_screen(java.lang.String)
  When User enter OTP as "098765"                                           # pooja.cucumber.demo.tests.stepDefinations.user.LoginTests.user_enter_otp_as_something(java.lang.String)
  Then Verify OTP button is enabled                                         # pooja.cucumber.demo.tests.stepDefinations.user.LoginTests.verify_otp_button_is_enabled()
  When User clicks on Verify OTP button                                     # pooja.cucumber.demo.tests.stepDefinations.user.LoginTests.user_clicks_on_verify_otp_button()
  Then User logins successfully                                             # pooja.cucumber.demo.tests.stepDefinations.user.LoginTests.user_logins_successfully()
]]></system-out>
    <system-err><![CDATA[Starting ChromeDriver 105.0.5195.52 (412c95e518836d8a7d97250d62b29c2ae6a26a85-refs/branch-heads/5195@{#853}) on port 65169
Only local connections are allowed.
Please see https://chromedriver.chromium.org/security-considerations for suggestions on keeping ChromeDriver safe.
ChromeDriver was started successfully.
Mar 22, 2023 6:10:42 PM org.openqa.selenium.remote.ProtocolHandshake createSession
INFO: Detected upstream dialect: W3C
Mar 22, 2023 6:10:43 PM org.openqa.selenium.devtools.CdpVersionFinder findNearestMatch
WARNING: Unable to find an exact match for CDP version 105, so returning the closest version found: 104
Mar 22, 2023 6:10:43 PM org.openqa.selenium.devtools.CdpVersionFinder findNearestMatch
INFO: Found CDP implementation for version 105 of 104
Mar 22, 2023 6:11:07 PM pooja.cucumber.demo.utils.Log info
INFO: clearCache
Mar 22, 2023 6:11:07 PM pooja.cucumber.demo.utils.Log info
INFO: clearCookies
Mar 22, 2023 6:11:07 PM pooja.cucumber.demo.utils.Log info
INFO: clearLocalStorage
]]></system-err>
  </testcase>
</testsuite>